<?xml version="1.0" encoding="UTF-8"?>
<!-- Generated by org.testng.reporters.JUnitReportReporter -->
<testsuite hostname="UATUXs-iMac.local" failures="0" tests="1" name="com.qa.hs.tests.LoginTest" time="199.361" errors="0" timestamp="30 Jul 2022 10:41:30 GMT" skipped="0">
  <testcase classname="com.qa.hs.tests.LoginTest" name="loginTest" time="199.361"/>
</testsuite> <!-- com.qa.hs.tests.LoginTest -->
